C:\Users\othma\Desktop\TeenTalk>flutter run -d edge
Launching lib\main.dart on Edge in debug mode...
Warning: In index.html:37: Local variable for "serviceWorkerVersion" is deprecated. Use
"{{flutter_service_worker_version}}" template token instead. See
https://docs.flutter.dev/platform-integration/web/initialization for more details.
Warning: In index.html:46: "FlutterLoader.loadEntrypoint" is deprecated. Use "FlutterLoader.load" instead. See
https://docs.flutter.dev/platform-integration/web/initialization for more details.
lib/src/features/admin/presentation/pages/admin_page.dart:54:16: Error: Can't find ')' to match '('.
    return Card(
               ^
lib/src/features/comments/data/repositories/posts_repository.dart:8:23: Error: Can't find '}' to match '{'.
class PostsRepository {
                      ^
lib/src/features/comments/data/repositories/posts_repository.dart:115:12: Error: Duplicated parameter name 'section'.
    String section = 'spotted',
           ^^^^^^^
lib/src/features/comments/data/repositories/posts_repository.dart:114:12: Context: Other parameter named 'section'.
    String section = 'Spotted',
           ^^^^^^^
lib/src/features/comments/data/models/comment.dart:136:10: Error: Duplicated parameter name 'section'.
    this.section = 'spotted',
         ^^^^^^^
lib/src/features/comments/data/models/comment.dart:135:10: Context: Other parameter named 'section'.
    this.section = 'Spotted',
         ^^^^^^^
lib/src/features/messages/presentation/providers/direct_messages_provider.dart:2:8: Error: Error when reading
'lib/src/features/messages/data/models/direct_message.dart': Impossibile trovare il file specificato.

import '../../data/models/direct_message.dart';
       ^
lib/src/features/messages/presentation/widgets/message_bubble.dart:2:8: Error: Error when reading
'lib/src/features/messages/data/models/direct_message.dart': Impossibile trovare il file specificato.

import '../../data/models/direct_message.dart';
       ^
lib/src/features/messages/data/repositories/direct_messages_repository.dart:3:8: Error: Error when reading
'lib/src/features/messages/data/models/direct_message.dart': Impossibile trovare il file specificato.

import '../models/direct_message.dart';
       ^
lib/src/features/auth/presentation/widgets/email_auth_form.dart:3:8: Error: Error when reading
'lib/core/localization/app_localizations.dart': Impossibile trovare il percorso specificato.

import '../../../../../core/localization/app_localizations.dart';
       ^
lib/src/features/auth/presentation/widgets/phone_auth_form.dart:3:8: Error: Error when reading
'lib/core/localization/app_localizations.dart': Impossibile trovare il percorso specificato.

import '../../../../../core/localization/app_localizations.dart';
       ^
lib/src/features/auth/presentation/widgets/social_auth_buttons.dart:3:8: Error: Error when reading
'lib/core/localization/app_localizations.dart': Impossibile trovare il percorso specificato.

import '../../../../../core/localization/app_localizations.dart';
       ^
lib/src/features/auth/data/services/firebase_auth_service.dart:6:8: Error: Error when reading
'lib/src/utils/error_handler.dart': Impossibile trovare il percorso specificato.

import '../../../../utils/error_handler.dart';
       ^
lib/src/features/messages/presentation/widgets/message_bubble.dart:5:9: Error: Type 'DirectMessage' not found.
  final DirectMessage message;
        ^^^^^^^^^^^^^
lib/src/features/feed/presentation/providers/feed_provider.dart:48:3: Error: Type 'StreamSubscription' not found.
  StreamSubscription? _postsSubscription;
  ^^^^^^^^^^^^^^^^^^
lib/src/features/messages/data/repositories/direct_messages_repository.dart:24:10: Error: Type 'DirectMessage' not
found.
  Future<DirectMessage> sendMessage({
         ^^^^^^^^^^^^^
lib/src/features/messages/data/repositories/direct_messages_repository.dart:113:15: Error: Type 'DirectMessage' not
found.
  Stream<List<DirectMessage>> watchMessages(
              ^^^^^^^^^^^^^
lib/src/features/messages/presentation/providers/direct_messages_provider.dart:20:32: Error: 'DirectMessage' isn't a
type.
    StreamProvider.family<List<DirectMessage>, String>((ref, conversationId) async* {
                               ^^^^^^^^^^^^^
lib/src/features/comments/data/models/comment.dart:136:10: Error: 'section' was already initialized by this constructor.
    this.section = 'spotted',
         ^
lib/src/features/feed/presentation/pages/post_composer_page.dart:123:40: Error: The getter 'firstName' isn't defined for
the type 'UserProfile'.
 - 'UserProfile' is from 'package:teen_talk_app/src/features/profile/domain/models/user_profile.dart'
 ('lib/src/features/profile/domain/models/user_profile.dart').
Try correcting the name to the name of an existing getter, or defining a getter or field named 'firstName'.
        authorNickname: '${userProfile.firstName} ${userProfile.lastName}',
                                       ^^^^^^^^^
lib/src/features/feed/presentation/pages/post_composer_page.dart:123:65: Error: The getter 'lastName' isn't defined for
the type 'UserProfile'.
 - 'UserProfile' is from 'package:teen_talk_app/src/features/profile/domain/models/user_profile.dart'
 ('lib/src/features/profile/domain/models/user_profile.dart').
Try correcting the name to the name of an existing getter, or defining a getter or field named 'lastName'.
        authorNickname: '${userProfile.firstName} ${userProfile.lastName}',
                                                                ^^^^^^^^
lib/src/features/admin/presentation/pages/admin_page.dart:32:9: Error: Expected an identifier, but got ']'.
Try inserting an identifier before ']'.
        ],
        ^
lib/src/features/admin/presentation/pages/admin_page.dart:32:9: Error: Expected ')' before this.
        ],
        ^
lib/src/features/admin/presentation/pages/admin_page.dart:20:20: Error: Too many positional arguments: 0 allowed, but 1
found.
Try removing the extra positional arguments.
    return Scaffold(
                   ^
../flutter/packages/flutter/lib/src/material/scaffold.dart:1696:9: Context: Found this candidate, but the arguments
don't match.
  const Scaffold({
        ^^^^^^^^
lib/src/features/admin/presentation/pages/admin_page.dart:33:7: Error: Expected ';' after this.
      ),
      ^
lib/src/features/admin/presentation/pages/admin_page.dart:33:8: Error: Expected an identifier, but got ','.
Try inserting an identifier before ','.
      ),
       ^
lib/src/features/admin/presentation/pages/admin_page.dart:33:8: Error: Unexpected token ';'.
      ),
       ^
lib/src/features/admin/presentation/pages/admin_page.dart:34:5: Error: Expected an identifier, but got ')'.
Try inserting an identifier before ')'.
    );
    ^
lib/src/features/admin/presentation/pages/admin_page.dart:33:8: Error: Expected ';' after this.
      ),
       ^
lib/src/features/admin/presentation/pages/admin_page.dart:34:5: Error: Unexpected token ';'.
    );
    ^
lib/src/features/admin/presentation/pages/admin_page.dart:75:7: Error: No named parameter with the name
'bottomNavigationBar'.
      bottomNavigationBar: BottomNavigationBar(
      ^^^^^^^^^^^^^^^^^^^
../flutter/packages/flutter/lib/src/material/list_tile.dart:390:9: Context: Found this candidate, but the arguments
don't match.
  const ListTile({
        ^^^^^^^^
lib/src/features/moderation/presentation/pages/moderation_queue_page.dart:366:15: Error: No named parameter with the
name 'onTapped'.
              onTapped: () {
              ^^^^^^^^
../flutter/packages/flutter/lib/src/material/list_tile.dart:390:9: Context: Found this candidate, but the arguments
don't match.
  const ListTile({
        ^^^^^^^^
lib/src/features/moderation/presentation/pages/moderation_queue_page.dart:381:15: Error: No named parameter with the
name 'onTapped'.
              onTapped: () {
              ^^^^^^^^
../flutter/packages/flutter/lib/src/material/list_tile.dart:390:9: Context: Found this candidate, but the arguments
don't match.
  const ListTile({
        ^^^^^^^^
lib/src/features/moderation/presentation/pages/moderation_queue_page.dart:396:15: Error: No named parameter with the
name 'onTapped'.
              onTapped: () {
              ^^^^^^^^
../flutter/packages/flutter/lib/src/material/list_tile.dart:390:9: Context: Found this candidate, but the arguments
don't match.
  const ListTile({
        ^^^^^^^^
lib/src/features/comments/data/repositories/posts_repository.dart:87:16: Error: A non-null value must be returned since
the return type 'Future<void>' doesn't allow null.
 - 'Future' is from 'dart:async'.
  Future<void> validatePostContent(String content) {
               ^
lib/src/features/comments/data/repositories/posts_repository.dart:121:30: Error: The method '_extractMentionedUserIds'
isn't defined for the type 'PostsRepository'.
 - 'PostsRepository' is from 'package:teen_talk_app/src/features/comments/data/repositories/posts_repository.dart'
 ('lib/src/features/comments/data/repositories/posts_repository.dart').
Try correcting the name to the name of an existing method, or defining a method named '_extractMentionedUserIds'.
    final mentionedUserIds = _extractMentionedUserIds(content);
                             ^^^^^^^^^^^^^^^^^^^^^^^^
lib/src/features/comments/data/repositories/posts_repository.dart:166:30: Error: The method '_extractMentionedUserIds'
isn't defined for the type 'PostsRepository'.
 - 'PostsRepository' is from 'package:teen_talk_app/src/features/comments/data/repositories/posts_repository.dart'
 ('lib/src/features/comments/data/repositories/posts_repository.dart').
Try correcting the name to the name of an existing method, or defining a method named '_extractMentionedUserIds'.
    final mentionedUserIds = _extractMentionedUserIds(content);
                             ^^^^^^^^^^^^^^^^^^^^^^^^
lib/src/features/messages/presentation/widgets/message_bubble.dart:5:9: Error: 'DirectMessage' isn't a type.
  final DirectMessage message;
        ^^^^^^^^^^^^^
lib/src/features/admin/presentation/widgets/analytics_widget.dart:99:224: Error: Expected '}' before this.
                              '${(((analytics.resolvedReportCount + analytics.dismissedReportCount) /
                              (analytics.activeReportCount + analytics.resolvedReportCount +
                              analytics.dismissedReportCount) * 100).toStringAsFixed(1)))}%',
                                                                                                              ^
lib/src/features/auth/presentation/widgets/email_auth_form.dart:39:27: Error: The getter 'AppLocalizations' isn't
defined for the type '_EmailAuthFormState'.
 - '_EmailAuthFormState' is from 'package:teen_talk_app/src/features/auth/presentation/widgets/email_auth_form.dart'
 ('lib/src/features/auth/presentation/widgets/email_auth_form.dart').
Try correcting the name to the name of an existing getter, or defining a getter or field named 'AppLocalizations'.
    final localizations = AppLocalizations.of(context);
                          ^^^^^^^^^^^^^^^^
lib/src/features/auth/presentation/widgets/phone_auth_form.dart:30:27: Error: The getter 'AppLocalizations' isn't
defined for the type '_PhoneAuthFormState'.
 - '_PhoneAuthFormState' is from 'package:teen_talk_app/src/features/auth/presentation/widgets/phone_auth_form.dart'
 ('lib/src/features/auth/presentation/widgets/phone_auth_form.dart').
Try correcting the name to the name of an existing getter, or defining a getter or field named 'AppLocalizations'.
    final localizations = AppLocalizations.of(context);
                          ^^^^^^^^^^^^^^^^
lib/src/features/auth/presentation/widgets/phone_auth_form.dart:165:27: Error: The getter 'AppLocalizations' isn't
defined for the type '_PhoneAuthFormState'.
 - '_PhoneAuthFormState' is from 'package:teen_talk_app/src/features/auth/presentation/widgets/phone_auth_form.dart'
 ('lib/src/features/auth/presentation/widgets/phone_auth_form.dart').
Try correcting the name to the name of an existing getter, or defining a getter or field named 'AppLocalizations'.
    final localizations = AppLocalizations.of(context);
                          ^^^^^^^^^^^^^^^^
lib/src/features/auth/presentation/widgets/phone_auth_form.dart:215:27: Error: The getter 'AppLocalizations' isn't
defined for the type '_PhoneAuthFormState'.
 - '_PhoneAuthFormState' is from 'package:teen_talk_app/src/features/auth/presentation/widgets/phone_auth_form.dart'
 ('lib/src/features/auth/presentation/widgets/phone_auth_form.dart').
Try correcting the name to the name of an existing getter, or defining a getter or field named 'AppLocalizations'.
    final localizations = AppLocalizations.of(context);
                          ^^^^^^^^^^^^^^^^
lib/src/features/auth/presentation/widgets/social_auth_buttons.dart:11:27: Error: The getter 'AppLocalizations' isn't
defined for the type 'SocialAuthButtons'.
 - 'SocialAuthButtons' is from 'package:teen_talk_app/src/features/auth/presentation/widgets/social_auth_buttons.dart'
 ('lib/src/features/auth/presentation/widgets/social_auth_buttons.dart').
Try correcting the name to the name of an existing getter, or defining a getter or field named 'AppLocalizations'.
    final localizations = AppLocalizations.of(context);
                          ^^^^^^^^^^^^^^^^
lib/src/features/auth/data/services/firebase_auth_service.dart:84:23: Error: The getter 'ErrorHandler' isn't defined for
the type 'FirebaseAuthService'.
 - 'FirebaseAuthService' is from 'package:teen_talk_app/src/features/auth/data/services/firebase_auth_service.dart'
 ('lib/src/features/auth/data/services/firebase_auth_service.dart').
Try correcting the name to the name of an existing getter, or defining a getter or field named 'ErrorHandler'.
      throw Exception(ErrorHandler.getAuthErrorMessage(e));
                      ^^^^^^^^^^^^
lib/src/features/auth/data/services/firebase_auth_service.dart:111:23: Error: The getter 'ErrorHandler' isn't defined
for the type 'FirebaseAuthService'.
 - 'FirebaseAuthService' is from 'package:teen_talk_app/src/features/auth/data/services/firebase_auth_service.dart'
 ('lib/src/features/auth/data/services/firebase_auth_service.dart').
Try correcting the name to the name of an existing getter, or defining a getter or field named 'ErrorHandler'.
      throw Exception(ErrorHandler.getAuthErrorMessage(e));
                      ^^^^^^^^^^^^
lib/src/features/auth/data/services/firebase_auth_service.dart:152:23: Error: The getter 'ErrorHandler' isn't defined
for the type 'FirebaseAuthService'.
 - 'FirebaseAuthService' is from 'package:teen_talk_app/src/features/auth/data/services/firebase_auth_service.dart'
 ('lib/src/features/auth/data/services/firebase_auth_service.dart').
Try correcting the name to the name of an existing getter, or defining a getter or field named 'ErrorHandler'.
      throw Exception(ErrorHandler.getAuthErrorMessage(e));
                      ^^^^^^^^^^^^
lib/src/features/auth/data/services/firebase_auth_service.dart:211:23: Error: The getter 'ErrorHandler' isn't defined
for the type 'FirebaseAuthService'.
 - 'FirebaseAuthService' is from 'package:teen_talk_app/src/features/auth/data/services/firebase_auth_service.dart'
 ('lib/src/features/auth/data/services/firebase_auth_service.dart').
Try correcting the name to the name of an existing getter, or defining a getter or field named 'ErrorHandler'.
      throw Exception(ErrorHandler.getAuthErrorMessage(e));
                      ^^^^^^^^^^^^
lib/src/features/auth/data/services/firebase_auth_service.dart:259:23: Error: The getter 'ErrorHandler' isn't defined
for the type 'FirebaseAuthService'.
 - 'FirebaseAuthService' is from 'package:teen_talk_app/src/features/auth/data/services/firebase_auth_service.dart'
 ('lib/src/features/auth/data/services/firebase_auth_service.dart').
Try correcting the name to the name of an existing getter, or defining a getter or field named 'ErrorHandler'.
      throw Exception(ErrorHandler.getAuthErrorMessage(e));
                      ^^^^^^^^^^^^
lib/src/features/auth/data/services/firebase_auth_service.dart:303:23: Error: The getter 'ErrorHandler' isn't defined
for the type 'FirebaseAuthService'.
 - 'FirebaseAuthService' is from 'package:teen_talk_app/src/features/auth/data/services/firebase_auth_service.dart'
 ('lib/src/features/auth/data/services/firebase_auth_service.dart').
Try correcting the name to the name of an existing getter, or defining a getter or field named 'ErrorHandler'.
      throw Exception(ErrorHandler.getAuthErrorMessage(e));
                      ^^^^^^^^^^^^
lib/src/features/auth/data/services/firebase_auth_service.dart:367:23: Error: The getter 'ErrorHandler' isn't defined
for the type 'FirebaseAuthService'.
 - 'FirebaseAuthService' is from 'package:teen_talk_app/src/features/auth/data/services/firebase_auth_service.dart'
 ('lib/src/features/auth/data/services/firebase_auth_service.dart').
Try correcting the name to the name of an existing getter, or defining a getter or field named 'ErrorHandler'.
      throw Exception(ErrorHandler.getAuthErrorMessage(e));
                      ^^^^^^^^^^^^
lib/src/features/auth/data/services/firebase_auth_service.dart:394:23: Error: The getter 'ErrorHandler' isn't defined
for the type 'FirebaseAuthService'.
 - 'FirebaseAuthService' is from 'package:teen_talk_app/src/features/auth/data/services/firebase_auth_service.dart'
 ('lib/src/features/auth/data/services/firebase_auth_service.dart').
Try correcting the name to the name of an existing getter, or defining a getter or field named 'ErrorHandler'.
      throw Exception(ErrorHandler.getAuthErrorMessage(e));
                      ^^^^^^^^^^^^
lib/src/features/comments/data/models/comment.dart:189:7: Error: Duplicated named argument 'section'.
      section: json['section'] as String? ?? 'spotted',
      ^^^^^^^
lib/src/features/feed/presentation/providers/feed_provider.dart:48:3: Error: 'StreamSubscription' isn't a type.
  StreamSubscription? _postsSubscription;
  ^^^^^^^^^^^^^^^^^^
lib/src/features/feed/presentation/providers/feed_provider.dart:88:23: Error: The argument type 'Post?' can't be
assigned to the parameter type 'DocumentSnapshot<Object?>?'.
 - 'Post' is from 'package:teen_talk_app/src/features/comments/data/models/comment.dart'
 ('lib/src/features/comments/data/models/comment.dart').
 - 'DocumentSnapshot' is from 'package:cloud_firestore/cloud_firestore.dart'
 ('../../AppData/Local/Pub/Cache/hosted/pub.dev/cloud_firestore-4.17.5/lib/cloud_firestore.dart').
 - 'Object' is from 'dart:core'.
        lastDocument: newLastDocument,
                      ^
lib/src/features/feed/presentation/providers/feed_provider.dart:127:23: Error: The argument type 'Post?' can't be
assigned to the parameter type 'DocumentSnapshot<Object?>?'.
 - 'Post' is from 'package:teen_talk_app/src/features/comments/data/models/comment.dart'
 ('lib/src/features/comments/data/models/comment.dart').
 - 'DocumentSnapshot' is from 'package:cloud_firestore/cloud_firestore.dart'
 ('../../AppData/Local/Pub/Cache/hosted/pub.dev/cloud_firestore-4.17.5/lib/cloud_firestore.dart').
 - 'Object' is from 'dart:core'.
        lastDocument: newLastDocument,
                      ^
lib/src/features/feed/presentation/providers/feed_provider.dart:208:10: Error: The method 'getPostsStream' isn't defined
for the type 'PostsRepository'.
 - 'PostsRepository' is from 'package:teen_talk_app/src/features/comments/data/repositories/posts_repository.dart'
 ('lib/src/features/comments/data/repositories/posts_repository.dart').
Try correcting the name to the name of an existing method, or defining a method named 'getPostsStream'.
        .getPostsStream(section: section, limit: 50)
         ^^^^^^^^^^^^^^
lib/src/features/feed/presentation/providers/feed_provider.dart:217:41: Error: The argument type 'List<dynamic>' can't
be assigned to the parameter type 'List<Post>?'.
 - 'List' is from 'dart:core'.
 - 'Post' is from 'package:teen_talk_app/src/features/comments/data/models/comment.dart'
 ('lib/src/features/comments/data/models/comment.dart').
          state = state.copyWith(posts: updatedPosts);
                                        ^
lib/src/features/messages/data/repositories/direct_messages_repository.dart:62:21: Error: The method 'DirectMessage'
isn't defined for the type 'DirectMessagesRepository'.
 - 'DirectMessagesRepository' is from
 'package:teen_talk_app/src/features/messages/data/repositories/direct_messages_repository.dart'
 ('lib/src/features/messages/data/repositories/direct_messages_repository.dart').
Try correcting the name to the name of an existing method, or defining a method named 'DirectMessage'.
    final message = DirectMessage(
                    ^^^^^^^^^^^^^
lib/src/features/messages/data/repositories/direct_messages_repository.dart:93:37: Error: No named parameter with the
name 'describeBy'.
        .orderBy('lastMessageTime', describeBy: true)
                                    ^^^^^^^^^^
lib/src/features/messages/data/repositories/direct_messages_repository.dart:126:25: Error: The getter 'DirectMessage'
isn't defined for the type 'DirectMessagesRepository'.
 - 'DirectMessagesRepository' is from
 'package:teen_talk_app/src/features/messages/data/repositories/direct_messages_repository.dart'
 ('lib/src/features/messages/data/repositories/direct_messages_repository.dart').
Try correcting the name to the name of an existing getter, or defining a getter or field named 'DirectMessage'.
          .map((doc) => DirectMessage.fromFirestore(doc))
                        ^^^^^^^^^^^^^
Unhandled exception:
Unsupported operation: Unsupported invalid type InvalidType(<invalid>) (InvalidType). Encountered while compiling
file:///C:/Users/othma/Desktop/TeenTalk/lib/src/features/messages/presentation/pages/chat_screen.dart, which contains
the type: InterfaceType(AsyncValue<List<<invalid>>>).
#0      LibraryCompiler._typeCompilationError (package:dev_compiler/src/kernel/compiler_new.dart:4451)
#1      LibraryCompiler._emitType (package:dev_compiler/src/kernel/compiler_new.dart:4416)
#2      LibraryCompiler._emitArgumentGroups (package:dev_compiler/src/kernel/compiler_new.dart:7931)
#3      LibraryCompiler._emitArgumentList (package:dev_compiler/src/kernel/compiler_new.dart:7906)
#4      LibraryCompiler._emitInstanceInvocation (package:dev_compiler/src/kernel/compiler_new.dart:6684)
#5      LibraryCompiler.visitInstanceInvocation (package:dev_compiler/src/kernel/compiler_new.dart:6523)
#6      InstanceInvocation.accept (package:kernel/src/ast/expressions.dart:1793)
#7      LibraryCompiler._visitExpression (package:dev_compiler/src/kernel/compiler_new.dart:5112)
#8      LibraryCompiler._visitInitializer (package:dev_compiler/src/kernel/compiler_new.dart:2702)
#9      LibraryCompiler.visitVariableDeclaration (package:dev_compiler/src/kernel/compiler_new.dart:6001)
#10     VariableDeclaration.accept (package:kernel/src/ast/statements.dart:1704)
#11     LibraryCompiler._visitStatement (package:dev_compiler/src/kernel/compiler_new.dart:5015)
#12     MappedIterable.elementAt (dart:_internal/iterable.dart:402)
#13     ListIterator.moveNext (dart:_internal/iterable.dart:371)
#14     new _GrowableList._ofEfficientLengthIterable (dart:core-patch/growable_array.dart:194)
#15     new _GrowableList.of (dart:core-patch/growable_array.dart:154)
#16     new List.of (dart:core-patch/array_patch.dart:39)
#17     SetBase.toList (dart:collection/set.dart:119)
#18     LibraryCompiler.visitBlock (package:dev_compiler/src/kernel/compiler_new.dart:5222)
#19     Block.accept (package:kernel/src/ast/statements.dart:103)
#20     LibraryCompiler._visitStatement (package:dev_compiler/src/kernel/compiler_new.dart:5015)
#21     LibraryCompiler._emitFunctionScopedBody (package:dev_compiler/src/kernel/compiler_new.dart:5048)
#22     LibraryCompiler._emitFunction.<anonymous closure> (package:dev_compiler/src/kernel/compiler_new.dart:4638)
#23     LibraryCompiler._withLetScope (package:dev_compiler/src/kernel/compiler_new.dart:3632)
#24     LibraryCompiler._withCurrentFunction (package:dev_compiler/src/kernel/compiler_new.dart:4812)
#25     LibraryCompiler._emitFunction (package:dev_compiler/src/kernel/compiler_new.dart:4630)
#26     LibraryCompiler._emitMethodDeclaration.<anonymous closure>
(package:dev_compiler/src/kernel/compiler_new.dart:2912)
#27     LibraryCompiler._withMethodDeclarationContext (package:dev_compiler/src/kernel/compiler_new.dart:4837)
#28     LibraryCompiler._emitMethodDeclaration (package:dev_compiler/src/kernel/compiler_new.dart:2910)
#29     LibraryCompiler._emitClassProperties (package:dev_compiler/src/kernel/compiler_new.dart:2851)
#30     LibraryCompiler._emitClassDeclaration (package:dev_compiler/src/kernel/compiler_new.dart:1452)
#31     LibraryCompiler._emitClass (package:dev_compiler/src/kernel/compiler_new.dart:1390)
#32     List.forEach (dart:core-patch/growable_array.dart:425)
#33     LibraryCompiler._emitLibrary (package:dev_compiler/src/kernel/compiler_new.dart:1312)
#34     LibraryCompiler.emitLibrary (package:dev_compiler/src/kernel/compiler_new.dart:926)
#35     LibraryBundleCompiler.emitModule (package:dev_compiler/src/kernel/compiler_new.dart:163)
#36     IncrementalJavaScriptBundler.compile (package:frontend_server/src/javascript_bundle.dart:300)
#37     FrontendCompiler.writeJavaScriptBundle (package:frontend_server/frontend_server.dart:898)
<asynchronous suspension>
#38     FrontendCompiler.compile (package:frontend_server/frontend_server.dart:708)
<asynchronous suspension>
#39     listenAndCompile.<anonymous closure> (package:frontend_server/frontend_server.dart:1423)
<asynchronous suspension>
The Dart compiler exited unexpectedly.
Waiting for connection from debug service on Edge...               43,0s
Failed to compile application.

C:\Users\othma\Desktop\TeenTalk>
